[{"line":2,"elements":[{"start_timestamp":"2022-06-16T19:25:17.532Z","line":4,"name":"US06 Contact Us Form","description":"","id":";us06-contact-us-form","type":"scenario","keyword":"Scenario","steps":[{"result":{"error_message":"io.cucumber.core.exception.CucumberException: Failed to instantiate class stepdefinitions.US_06StepDefinitions\r\n\tat io.cucumber.core.backend.DefaultObjectFactory.cacheNewInstance(DefaultObjectFactory.java:67)\r\n\tat io.cucumber.core.backend.DefaultObjectFactory.getInstance(DefaultObjectFactory.java:45)\r\n\tat io.cucumber.java.AbstractGlueDefinition.invokeMethod(AbstractGlueDefinition.java:47)\r\n\tat io.cucumber.java.JavaStepDefinition.execute(JavaStepDefinition.java:29)\r\n\tat io.cucumber.core.runner.CoreStepDefinition.execute(CoreStepDefinition.java:66)\r\n\tat io.cucumber.core.runner.PickleStepDefinitionMatch.runStep(PickleStepDefinitionMatch.java:63)\r\n\tat io.cucumber.core.runner.ExecutionMode$1.execute(ExecutionMode.java:10)\r\n\tat io.cucumber.core.runner.TestStep.executeStep(TestStep.java:86)\r\n\tat io.cucumber.core.runner.TestStep.run(TestStep.java:57)\r\n\tat io.cucumber.core.runner.PickleStepTestStep.run(PickleStepTestStep.java:51)\r\n\tat io.cucumber.core.runner.TestCase.run(TestCase.java:95)\r\n\tat io.cucumber.core.runner.Runner.runPickle(Runner.java:75)\r\n\tat io.cucumber.junit.PickleRunners$NoStepDescriptions.lambda$run$0(PickleRunners.java:151)\r\n\tat io.cucumber.core.runtime.CucumberExecutionContext.lambda$runTestCase$3(CucumberExecutionContext.java:151)\r\n\tat io.cucumber.core.runtime.RethrowingThrowableCollector.executeAndThrow(RethrowingThrowableCollector.java:23)\r\n\tat io.cucumber.core.runtime.CucumberExecutionContext.runTestCase(CucumberExecutionContext.java:151)\r\n\tat io.cucumber.junit.PickleRunners$NoStepDescriptions.run(PickleRunners.java:148)\r\n\tat io.cucumber.junit.FeatureRunner.runChild(FeatureRunner.java:144)\r\n\tat io.cucumber.junit.FeatureRunner.runChild(FeatureRunner.java:28)\r\n\tat org.junit.runners.ParentRunner$4.run(ParentRunner.java:331)\r\n\tat org.junit.runners.ParentRunner$1.schedule(ParentRunner.java:79)\r\n\tat org.junit.runners.ParentRunner.runChildren(ParentRunner.java:329)\r\n\tat org.junit.runners.ParentRunner.access$100(ParentRunner.java:66)\r\n\tat org.junit.runners.ParentRunner$2.evaluate(ParentRunner.java:293)\r\n\tat org.junit.runners.ParentRunner$3.evaluate(ParentRunner.java:306)\r\n\tat org.junit.runners.ParentRunner.run(ParentRunner.java:413)\r\n\tat io.cucumber.junit.FeatureRunner.run(FeatureRunner.java:137)\r\n\tat io.cucumber.junit.Cucumber.runChild(Cucumber.java:196)\r\n\tat io.cucumber.junit.Cucumber.runChild(Cucumber.java:89)\r\n\tat org.junit.runners.ParentRunner$4.run(ParentRunner.java:331)\r\n\tat org.junit.runners.ParentRunner$1.schedule(ParentRunner.java:79)\r\n\tat org.junit.runners.ParentRunner.runChildren(ParentRunner.java:329)\r\n\tat org.junit.runners.ParentRunner.access$100(ParentRunner.java:66)\r\n\tat org.junit.runners.ParentRunner$2.evaluate(ParentRunner.java:293)\r\n\tat io.cucumber.junit.Cucumber$RunBeforeAllHooks.evaluate(Cucumber.java:266)\r\n\tat io.cucumber.junit.Cucumber$RunAfterAllHooks.evaluate(Cucumber.java:281)\r\n\tat io.cucumber.junit.Cucumber$StartTestRun.evaluate(Cucumber.java:233)\r\n\tat io.cucumber.junit.Cucumber$FinishTestRun.evaluate(Cucumber.java:248)\r\n\tat org.junit.runners.ParentRunner$3.evaluate(ParentRunner.java:306)\r\n\tat org.junit.runners.ParentRunner.run(ParentRunner.java:413)\r\n\tat org.junit.runner.JUnitCore.run(JUnitCore.java:137)\r\n\tat com.intellij.junit4.JUnit4IdeaTestRunner.startRunnerWithArgs(JUnit4IdeaTestRunner.java:69)\r\n\tat com.intellij.rt.junit.IdeaTestRunner$Repeater.startRunnerWithArgs(IdeaTestRunner.java:33)\r\n\tat com.intellij.rt.junit.JUnitStarter.prepareStreamsAndStart(JUnitStarter.java:235)\r\n\tat com.intellij.rt.junit.JUnitStarter.main(JUnitStarter.java:54)\r\nCaused by: java.lang.reflect.InvocationTargetException\r\n\tat java.base/jdk.internal.reflect.NativeConstructorAccessorImpl.newInstance0(Native Method)\r\n\tat java.base/jdk.internal.reflect.NativeConstructorAccessorImpl.newInstance(NativeConstructorAccessorImpl.java:62)\r\n\tat java.base/jdk.internal.reflect.DelegatingConstructorAccessorImpl.newInstance(DelegatingConstructorAccessorImpl.java:45)\r\n\tat java.base/java.lang.reflect.Constructor.newInstance(Constructor.java:490)\r\n\tat io.cucumber.core.backend.DefaultObjectFactory.cacheNewInstance(DefaultObjectFactory.java:53)\r\n\t... 44 more\r\nCaused by: org.openqa.selenium.SessionNotCreatedException: Could not start a new session. Response code 500. Message: unknown error: DevToolsActivePort file doesn't exist\nBuild info: version: '4.1.2', revision: '9a5a329c5a'\nSystem info: host: 'LAPTOP-8I06I5BM', ip: '192.168.0.11', os.name: 'Windows 10', os.arch: 'amd64', os.version: '10.0', java.version: '11.0.11'\nDriver info: org.openqa.selenium.chrome.ChromeDriver\nCommand: [null, newSession {capabilities=[Capabilities {browserName: chrome, goog:chromeOptions: {args: [], extensions: []}}], desiredCapabilities=Capabilities {browserName: chrome, goog:chromeOptions: {args: [], extensions: []}}}]\r\n\tat org.openqa.selenium.remote.ProtocolHandshake.createSession(ProtocolHandshake.java:126)\r\n\tat org.openqa.selenium.remote.ProtocolHandshake.createSession(ProtocolHandshake.java:84)\r\n\tat org.openqa.selenium.remote.ProtocolHandshake.createSession(ProtocolHandshake.java:62)\r\n\tat org.openqa.selenium.remote.HttpCommandExecutor.execute(HttpCommandExecutor.java:156)\r\n\tat org.openqa.selenium.remote.service.DriverCommandExecutor.invokeExecute(DriverCommandExecutor.java:167)\r\n\tat org.openqa.selenium.remote.service.DriverCommandExecutor.execute(DriverCommandExecutor.java:142)\r\n\tat org.openqa.selenium.remote.RemoteWebDriver.execute(RemoteWebDriver.java:558)\r\n\tat org.openqa.selenium.remote.RemoteWebDriver.startSession(RemoteWebDriver.java:245)\r\n\tat org.openqa.selenium.remote.RemoteWebDriver.<init>(RemoteWebDriver.java:161)\r\n\tat org.openqa.selenium.chromium.ChromiumDriver.<init>(ChromiumDriver.java:108)\r\n\tat org.openqa.selenium.chrome.ChromeDriver.<init>(ChromeDriver.java:106)\r\n\tat org.openqa.selenium.chrome.ChromeDriver.<init>(ChromeDriver.java:93)\r\n\tat org.openqa.selenium.chrome.ChromeDriver.<init>(ChromeDriver.java:48)\r\n\tat utilities.Driver.getDriver(Driver.java:22)\r\n\tat pages.BasePage.<init>(BasePage.java:9)\r\n\tat pages.US_06Pages.<init>(US_06Pages.java:6)\r\n\tat stepdefinitions.US_06StepDefinitions.<init>(US_06StepDefinitions.java:14)\r\n\t... 49 more\r\n","duration":101370068000,"status":"failed"},"line":5,"name":"zey Lunch browser","match":{"location":"stepdefinitions.US_06StepDefinitions.zey_lunch_browser()"},"keyword":"Given "},{"result":{"status":"skipped"},"line":6,"name":"zey Negate to 'url'","match":{"arguments":[{"val":"'url'","offset":14}],"location":"stepdefinitions.US_06StepDefinitions.zey_negate_to(java.lang.String)"},"keyword":"And "},{"result":{"status":"skipped"},"line":7,"name":"zey Verify that home page is visible successfully","match":{"location":"stepdefinitions.US_06StepDefinitions.zey_verify_that_home_page_is_visible_successfully()"},"keyword":"Then "},{"result":{"status":"skipped"},"line":8,"name":"zey Click on Contact Us button","match":{"location":"stepdefinitions.US_06StepDefinitions.zey_click_on_contact_us_button()"},"keyword":"And "},{"result":{"status":"skipped"},"line":9,"name":"zey Verify Get In Touch is visible","match":{"location":"stepdefinitions.US_06StepDefinitions.zey_verify_get_in_touch_is_visible()"},"keyword":"And "},{"result":{"status":"skipped"},"line":10,"name":"zey Enter name, email, subject and message","match":{"location":"stepdefinitions.US_06StepDefinitions.zey_enter_name_email_subject_and_message()"},"keyword":"And "},{"result":{"status":"skipped"},"line":11,"name":"zey Upload file","match":{"location":"stepdefinitions.US_06StepDefinitions.zey_upload_file()"},"keyword":"And "},{"result":{"status":"skipped"},"line":12,"name":"zey Click Submit button","match":{"location":"stepdefinitions.US_06StepDefinitions.zey_click_submit_button()"},"keyword":"And "},{"result":{"status":"skipped"},"line":13,"name":"zey Click Ok button","match":{"location":"stepdefinitions.US_06StepDefinitions.zey_click_ok_button()"},"keyword":"And "},{"result":{"status":"skipped"},"line":14,"name":"zey Verify succes messsage Success Your details have been submitted succesfully is visible","match":{"location":"stepdefinitions.US_06StepDefinitions.zey_verify_succes_messsage_success_your_details_have_been_submitted_succesfully_is_visible()"},"keyword":"And "},{"result":{"status":"skipped"},"line":15,"name":"zey Click Home button and verify that landed to home page successfull","match":{"location":"stepdefinitions.US_06StepDefinitions.zey_click_home_button_and_verify_that_landed_to_home_page_successfull()"},"keyword":"And "},{"result":{"status":"skipped"},"line":16,"name":"zey Closed pages","match":{"location":"stepdefinitions.US_06StepDefinitions.zeyClosedPages()"},"keyword":"And "}],"tags":[{"name":"@US06"}]}],"name":"","description":"","id":"","keyword":"Feature","uri":"file:src/test/resources/features/US_06.feature","tags":[{"name":"@US06","type":"Tag","location":{"line":1,"column":1}}]}]